<?xml version="1.0" encoding="UTF-8"?>
<robot generator="Robot 5.0.1 (Python 3.8.2 on darwin)" generated="20221003 15:57:42.297" rpa="false" schemaversion="3">
<suite id="s1" name="Todo" source="/Users/talinee/Documents/todo">
<suite id="s1-s1" name="Todo" source="/Users/talinee/Documents/todo/todo.robot">
<test id="s1-s1-t1" name="Add Item" line="58">
<kw name="Open Browser" library="SeleniumLibrary">
<arg>about:blank</arg>
<arg>chrome</arg>
<doc>Opens a new browser instance to the optional ``url``.</doc>
<msg timestamp="20221003 15:57:42.793" level="INFO">Opening browser 'chrome' to base url 'about:blank'.</msg>
<status status="PASS" starttime="20221003 15:57:42.791" endtime="20221003 15:57:47.819"/>
</kw>
<kw name="Go To" library="SeleniumLibrary">
<arg>${HOMEPAGE}</arg>
<doc>Navigates the current browser window to the provided ``url``.</doc>
<msg timestamp="20221003 15:57:47.825" level="INFO">Opening url 'https://abhigyank.github.io/To-Do-List/'</msg>
<status status="PASS" starttime="20221003 15:57:47.821" endtime="20221003 15:57:48.495"/>
</kw>
<kw name="Input Todo List">
<arg>${xpath_inputer}</arg>
<arg>${todo}</arg>
<kw name="Element Should Be Visible" library="SeleniumLibrary">
<arg>${xpath_inputer}</arg>
<doc>Verifies that the element identified by ``locator`` is visible.</doc>
<msg timestamp="20221003 15:57:48.668" level="INFO">Element '//*[@id="new-task"]' is displayed.</msg>
<status status="PASS" starttime="20221003 15:57:48.498" endtime="20221003 15:57:48.675"/>
</kw>
<kw name="Input Text" library="SeleniumLibrary">
<arg>${xpath_input}</arg>
<arg>${todo}</arg>
<doc>Types the given ``text`` into the text field identified by ``locator``.</doc>
<msg timestamp="20221003 15:57:48.678" level="INFO">Typing text 'Do some test' into text field '//*[@id="new-task"]'.</msg>
<status status="PASS" starttime="20221003 15:57:48.677" endtime="20221003 15:57:48.998"/>
</kw>
<status status="PASS" starttime="20221003 15:57:48.496" endtime="20221003 15:57:48.999"/>
</kw>
<kw name="Click Button">
<arg>${btn}</arg>
<kw name="Element Should Be Visible" library="SeleniumLibrary">
<arg>${btn}</arg>
<doc>Verifies that the element identified by ``locator`` is visible.</doc>
<msg timestamp="20221003 15:57:49.047" level="INFO">Element '//*[@id="add-item"]/button/i' is displayed.</msg>
<status status="PASS" starttime="20221003 15:57:49.001" endtime="20221003 15:57:49.062"/>
</kw>
<kw name="Click Element" library="SeleniumLibrary">
<arg>${btn}</arg>
<doc>Click the element identified by ``locator``.</doc>
<msg timestamp="20221003 15:57:49.064" level="INFO">Clicking element '//*[@id="add-item"]/button/i'.</msg>
<status status="PASS" starttime="20221003 15:57:49.063" endtime="20221003 15:57:49.149"/>
</kw>
<status status="PASS" starttime="20221003 15:57:48.999" endtime="20221003 15:57:49.149"/>
</kw>
<tag>Pass</tag>
<status status="PASS" starttime="20221003 15:57:42.764" endtime="20221003 15:57:49.151"/>
</test>
<test id="s1-s1-t2" name="Add Fail" line="65">
<kw name="Open Browser" library="SeleniumLibrary">
<arg>about:blank</arg>
<arg>chrome</arg>
<doc>Opens a new browser instance to the optional ``url``.</doc>
<msg timestamp="20221003 15:57:49.170" level="INFO">Opening browser 'chrome' to base url 'about:blank'.</msg>
<status status="PASS" starttime="20221003 15:57:49.169" endtime="20221003 15:57:52.429"/>
</kw>
<kw name="Go To" library="SeleniumLibrary">
<arg>${HOMEPAGE}</arg>
<doc>Navigates the current browser window to the provided ``url``.</doc>
<msg timestamp="20221003 15:57:52.432" level="INFO">Opening url 'https://abhigyank.github.io/To-Do-List/'</msg>
<status status="PASS" starttime="20221003 15:57:52.431" endtime="20221003 15:57:53.203"/>
</kw>
<kw name="Click Button">
<arg>${btn}</arg>
<kw name="Element Should Be Visible" library="SeleniumLibrary">
<arg>${btn}</arg>
<doc>Verifies that the element identified by ``locator`` is visible.</doc>
<msg timestamp="20221003 15:57:53.433" level="INFO">Element '//*[@id="add-item"]/button/i' is displayed.</msg>
<status status="PASS" starttime="20221003 15:57:53.206" endtime="20221003 15:57:53.436"/>
</kw>
<kw name="Click Element" library="SeleniumLibrary">
<arg>${btn}</arg>
<doc>Click the element identified by ``locator``.</doc>
<msg timestamp="20221003 15:57:53.438" level="INFO">Clicking element '//*[@id="add-item"]/button/i'.</msg>
<status status="PASS" starttime="20221003 15:57:53.437" endtime="20221003 15:57:53.562"/>
</kw>
<status status="PASS" starttime="20221003 15:57:53.204" endtime="20221003 15:57:53.563"/>
</kw>
<tag>Fail</tag>
<status status="PASS" starttime="20221003 15:57:49.165" endtime="20221003 15:57:53.565"/>
</test>
<test id="s1-s1-t3" name="To-do Task" line="71">
<kw name="Open Browser" library="SeleniumLibrary">
<arg>about:blank</arg>
<arg>chrome</arg>
<doc>Opens a new browser instance to the optional ``url``.</doc>
<msg timestamp="20221003 15:57:53.587" level="INFO">Opening browser 'chrome' to base url 'about:blank'.</msg>
<status status="PASS" starttime="20221003 15:57:53.586" endtime="20221003 15:57:56.322"/>
</kw>
<kw name="Go To" library="SeleniumLibrary">
<arg>${HOMEPAGE}</arg>
<doc>Navigates the current browser window to the provided ``url``.</doc>
<msg timestamp="20221003 15:57:56.331" level="INFO">Opening url 'https://abhigyank.github.io/To-Do-List/'</msg>
<status status="PASS" starttime="20221003 15:57:56.326" endtime="20221003 15:57:57.331"/>
</kw>
<kw name="Input Todo List">
<arg>${xpath_inputer}</arg>
<arg>${todo}</arg>
<kw name="Element Should Be Visible" library="SeleniumLibrary">
<arg>${xpath_inputer}</arg>
<doc>Verifies that the element identified by ``locator`` is visible.</doc>
<msg timestamp="20221003 15:57:57.456" level="INFO">Element '//*[@id="new-task"]' is displayed.</msg>
<status status="PASS" starttime="20221003 15:57:57.335" endtime="20221003 15:57:57.460"/>
</kw>
<kw name="Input Text" library="SeleniumLibrary">
<arg>${xpath_input}</arg>
<arg>${todo}</arg>
<doc>Types the given ``text`` into the text field identified by ``locator``.</doc>
<msg timestamp="20221003 15:57:57.467" level="INFO">Typing text 'Do some test' into text field '//*[@id="new-task"]'.</msg>
<status status="PASS" starttime="20221003 15:57:57.460" endtime="20221003 15:57:58.105"/>
</kw>
<status status="PASS" starttime="20221003 15:57:57.333" endtime="20221003 15:57:58.106"/>
</kw>
<kw name="Click Button">
<arg>${btn}</arg>
<kw name="Element Should Be Visible" library="SeleniumLibrary">
<arg>${btn}</arg>
<doc>Verifies that the element identified by ``locator`` is visible.</doc>
<msg timestamp="20221003 15:57:58.190" level="INFO">Element '//*[@id="add-item"]/button/i' is displayed.</msg>
<status status="PASS" starttime="20221003 15:57:58.108" endtime="20221003 15:57:58.193"/>
</kw>
<kw name="Click Element" library="SeleniumLibrary">
<arg>${btn}</arg>
<doc>Click the element identified by ``locator``.</doc>
<msg timestamp="20221003 15:57:58.195" level="INFO">Clicking element '//*[@id="add-item"]/button/i'.</msg>
<status status="PASS" starttime="20221003 15:57:58.194" endtime="20221003 15:57:58.338"/>
</kw>
<status status="PASS" starttime="20221003 15:57:58.107" endtime="20221003 15:57:58.339"/>
</kw>
<kw name="Click Todo Task">
<arg>${todo_btn}</arg>
<kw name="Element Should Be Visible" library="SeleniumLibrary">
<arg>${todo_btn}</arg>
<doc>Verifies that the element identified by ``locator`` is visible.</doc>
<msg timestamp="20221003 15:57:58.384" level="INFO">Element '//html/body/div/div/div[1]/a[2]/span' is displayed.</msg>
<status status="PASS" starttime="20221003 15:57:58.344" endtime="20221003 15:57:58.387"/>
</kw>
<kw name="Click Element" library="SeleniumLibrary">
<arg>${todo_btn}</arg>
<doc>Click the element identified by ``locator``.</doc>
<msg timestamp="20221003 15:57:58.389" level="INFO">Clicking element '//html/body/div/div/div[1]/a[2]/span'.</msg>
<status status="PASS" starttime="20221003 15:57:58.388" endtime="20221003 15:57:58.591"/>
</kw>
<status status="PASS" starttime="20221003 15:57:58.342" endtime="20221003 15:57:58.592"/>
</kw>
<kw name="Verify Todo Succes">
<kw name="Wait Until Element Is Visible" library="SeleniumLibrary">
<arg>${add_todo}</arg>
<doc>Waits until the element ``locator`` is visible.</doc>
<status status="PASS" starttime="20221003 15:57:58.599" endtime="20221003 15:57:58.697"/>
</kw>
<kw name="Element Should Be Visible" library="SeleniumLibrary">
<arg>${add_todo}</arg>
<doc>Verifies that the element identified by ``locator`` is visible.</doc>
<msg timestamp="20221003 15:57:58.756" level="INFO">Element '//*[@id="incomplete-tasks"]' is displayed.</msg>
<status status="PASS" starttime="20221003 15:57:58.699" endtime="20221003 15:57:58.762"/>
</kw>
<status status="PASS" starttime="20221003 15:57:58.593" endtime="20221003 15:57:58.762"/>
</kw>
<tag>Pass</tag>
<status status="PASS" starttime="20221003 15:57:53.582" endtime="20221003 15:57:58.771"/>
</test>
<test id="s1-s1-t4" name="Check done Task" line="80">
<kw name="Open Browser" library="SeleniumLibrary">
<arg>about:blank</arg>
<arg>chrome</arg>
<doc>Opens a new browser instance to the optional ``url``.</doc>
<msg timestamp="20221003 15:57:58.804" level="INFO">Opening browser 'chrome' to base url 'about:blank'.</msg>
<status status="PASS" starttime="20221003 15:57:58.800" endtime="20221003 15:58:02.760"/>
</kw>
<kw name="Go To" library="SeleniumLibrary">
<arg>${HOMEPAGE}</arg>
<doc>Navigates the current browser window to the provided ``url``.</doc>
<msg timestamp="20221003 15:58:02.765" level="INFO">Opening url 'https://abhigyank.github.io/To-Do-List/'</msg>
<status status="PASS" starttime="20221003 15:58:02.762" endtime="20221003 15:58:04.987"/>
</kw>
<kw name="Input Todo List">
<arg>${xpath_inputer}</arg>
<arg>${todo}</arg>
<kw name="Element Should Be Visible" library="SeleniumLibrary">
<arg>${xpath_inputer}</arg>
<doc>Verifies that the element identified by ``locator`` is visible.</doc>
<msg timestamp="20221003 15:58:05.078" level="INFO">Element '//*[@id="new-task"]' is displayed.</msg>
<status status="PASS" starttime="20221003 15:58:04.989" endtime="20221003 15:58:05.085"/>
</kw>
<kw name="Input Text" library="SeleniumLibrary">
<arg>${xpath_input}</arg>
<arg>${todo}</arg>
<doc>Types the given ``text`` into the text field identified by ``locator``.</doc>
<msg timestamp="20221003 15:58:05.087" level="INFO">Typing text 'Do some test' into text field '//*[@id="new-task"]'.</msg>
<status status="PASS" starttime="20221003 15:58:05.085" endtime="20221003 15:58:05.586"/>
</kw>
<status status="PASS" starttime="20221003 15:58:04.988" endtime="20221003 15:58:05.587"/>
</kw>
<kw name="Click Button">
<arg>${btn}</arg>
<kw name="Element Should Be Visible" library="SeleniumLibrary">
<arg>${btn}</arg>
<doc>Verifies that the element identified by ``locator`` is visible.</doc>
<msg timestamp="20221003 15:58:05.635" level="INFO">Element '//*[@id="add-item"]/button/i' is displayed.</msg>
<status status="PASS" starttime="20221003 15:58:05.589" endtime="20221003 15:58:05.643"/>
</kw>
<kw name="Click Element" library="SeleniumLibrary">
<arg>${btn}</arg>
<doc>Click the element identified by ``locator``.</doc>
<msg timestamp="20221003 15:58:05.645" level="INFO">Clicking element '//*[@id="add-item"]/button/i'.</msg>
<status status="PASS" starttime="20221003 15:58:05.643" endtime="20221003 15:58:05.852"/>
</kw>
<status status="PASS" starttime="20221003 15:58:05.588" endtime="20221003 15:58:05.853"/>
</kw>
<kw name="Click Todo Task">
<arg>${todo_btn}</arg>
<kw name="Element Should Be Visible" library="SeleniumLibrary">
<arg>${todo_btn}</arg>
<doc>Verifies that the element identified by ``locator`` is visible.</doc>
<msg timestamp="20221003 15:58:05.909" level="INFO">Element '//html/body/div/div/div[1]/a[2]/span' is displayed.</msg>
<status status="PASS" starttime="20221003 15:58:05.855" endtime="20221003 15:58:06.053"/>
</kw>
<kw name="Click Element" library="SeleniumLibrary">
<arg>${todo_btn}</arg>
<doc>Click the element identified by ``locator``.</doc>
<msg timestamp="20221003 15:58:06.055" level="INFO">Clicking element '//html/body/div/div/div[1]/a[2]/span'.</msg>
<status status="PASS" starttime="20221003 15:58:06.053" endtime="20221003 15:58:06.314"/>
</kw>
<status status="PASS" starttime="20221003 15:58:05.853" endtime="20221003 15:58:06.315"/>
</kw>
<kw name="Verify Todo Succes">
<kw name="Wait Until Element Is Visible" library="SeleniumLibrary">
<arg>${add_todo}</arg>
<doc>Waits until the element ``locator`` is visible.</doc>
<status status="PASS" starttime="20221003 15:58:06.320" endtime="20221003 15:58:06.395"/>
</kw>
<kw name="Element Should Be Visible" library="SeleniumLibrary">
<arg>${add_todo}</arg>
<doc>Verifies that the element identified by ``locator`` is visible.</doc>
<msg timestamp="20221003 15:58:06.510" level="INFO">Element '//*[@id="incomplete-tasks"]' is displayed.</msg>
<status status="PASS" starttime="20221003 15:58:06.396" endtime="20221003 15:58:06.517"/>
</kw>
<status status="PASS" starttime="20221003 15:58:06.317" endtime="20221003 15:58:06.519"/>
</kw>
<kw name="Check Done">
<arg>${check_box}</arg>
<kw name="Element Should Be Visible" library="SeleniumLibrary">
<arg>${check_box}</arg>
<doc>Verifies that the element identified by ``locator`` is visible.</doc>
<msg timestamp="20221003 15:58:06.620" level="INFO">Element '//*[@id="incomplete-tasks"]/li/label/span[4]' is displayed.</msg>
<status status="PASS" starttime="20221003 15:58:06.522" endtime="20221003 15:58:06.623"/>
</kw>
<kw name="Click Element" library="SeleniumLibrary">
<arg>${check_box}</arg>
<doc>Click the element identified by ``locator``.</doc>
<msg timestamp="20221003 15:58:06.632" level="INFO">Clicking element '//*[@id="incomplete-tasks"]/li/label/span[4]'.</msg>
<status status="PASS" starttime="20221003 15:58:06.624" endtime="20221003 15:58:06.740"/>
</kw>
<status status="PASS" starttime="20221003 15:58:06.520" endtime="20221003 15:58:06.741"/>
</kw>
<kw name="Click done Task">
<arg>${done_btn}</arg>
<kw name="Element Should Be Visible" library="SeleniumLibrary">
<arg>${done_btn}</arg>
<doc>Verifies that the element identified by ``locator`` is visible.</doc>
<msg timestamp="20221003 15:58:06.778" level="INFO">Element '//html/body/div/div/div[1]/a[3]' is displayed.</msg>
<status status="PASS" starttime="20221003 15:58:06.743" endtime="20221003 15:58:06.788"/>
</kw>
<kw name="Click Element" library="SeleniumLibrary">
<arg>${done_btn}</arg>
<doc>Click the element identified by ``locator``.</doc>
<msg timestamp="20221003 15:58:06.789" level="INFO">Clicking element '//html/body/div/div/div[1]/a[3]'.</msg>
<status status="PASS" starttime="20221003 15:58:06.788" endtime="20221003 15:58:06.929"/>
</kw>
<status status="PASS" starttime="20221003 15:58:06.742" endtime="20221003 15:58:06.930"/>
</kw>
<kw name="Verify Done Succes">
<kw name="Wait Until Element Is Visible" library="SeleniumLibrary">
<arg>${done}</arg>
<doc>Waits until the element ``locator`` is visible.</doc>
<status status="PASS" starttime="20221003 15:58:06.942" endtime="20221003 15:58:07.128"/>
</kw>
<kw name="Element Should Be Visible" library="SeleniumLibrary">
<arg>${done}</arg>
<doc>Verifies that the element identified by ``locator`` is visible.</doc>
<msg timestamp="20221003 15:58:07.171" level="INFO">Element '//*[@id="completed-tasks"]/li[1]/span' is displayed.</msg>
<status status="PASS" starttime="20221003 15:58:07.129" endtime="20221003 15:58:07.175"/>
</kw>
<status status="PASS" starttime="20221003 15:58:06.935" endtime="20221003 15:58:07.175"/>
</kw>
<tag>Pass</tag>
<status status="PASS" starttime="20221003 15:57:58.785" endtime="20221003 15:58:07.186"/>
</test>
<test id="s1-s1-t5" name="Delete In To-Do" line="92">
<kw name="Open Browser" library="SeleniumLibrary">
<arg>about:blank</arg>
<arg>chrome</arg>
<doc>Opens a new browser instance to the optional ``url``.</doc>
<msg timestamp="20221003 15:58:07.202" level="INFO">Opening browser 'chrome' to base url 'about:blank'.</msg>
<status status="PASS" starttime="20221003 15:58:07.198" endtime="20221003 15:58:11.007"/>
</kw>
<kw name="Go To" library="SeleniumLibrary">
<arg>${HOMEPAGE}</arg>
<doc>Navigates the current browser window to the provided ``url``.</doc>
<msg timestamp="20221003 15:58:11.009" level="INFO">Opening url 'https://abhigyank.github.io/To-Do-List/'</msg>
<status status="PASS" starttime="20221003 15:58:11.008" endtime="20221003 15:58:12.044"/>
</kw>
<kw name="Input Todo List">
<arg>${xpath_inputer}</arg>
<arg>${todo}</arg>
<kw name="Element Should Be Visible" library="SeleniumLibrary">
<arg>${xpath_inputer}</arg>
<doc>Verifies that the element identified by ``locator`` is visible.</doc>
<msg timestamp="20221003 15:58:12.173" level="INFO">Element '//*[@id="new-task"]' is displayed.</msg>
<status status="PASS" starttime="20221003 15:58:12.047" endtime="20221003 15:58:12.178"/>
</kw>
<kw name="Input Text" library="SeleniumLibrary">
<arg>${xpath_input}</arg>
<arg>${todo}</arg>
<doc>Types the given ``text`` into the text field identified by ``locator``.</doc>
<msg timestamp="20221003 15:58:12.180" level="INFO">Typing text 'Do some test' into text field '//*[@id="new-task"]'.</msg>
<status status="PASS" starttime="20221003 15:58:12.179" endtime="20221003 15:58:12.589"/>
</kw>
<status status="PASS" starttime="20221003 15:58:12.045" endtime="20221003 15:58:12.591"/>
</kw>
<kw name="Click Button">
<arg>${btn}</arg>
<kw name="Element Should Be Visible" library="SeleniumLibrary">
<arg>${btn}</arg>
<doc>Verifies that the element identified by ``locator`` is visible.</doc>
<msg timestamp="20221003 15:58:12.660" level="INFO">Element '//*[@id="add-item"]/button/i' is displayed.</msg>
<status status="PASS" starttime="20221003 15:58:12.593" endtime="20221003 15:58:12.663"/>
</kw>
<kw name="Click Element" library="SeleniumLibrary">
<arg>${btn}</arg>
<doc>Click the element identified by ``locator``.</doc>
<msg timestamp="20221003 15:58:12.665" level="INFO">Clicking element '//*[@id="add-item"]/button/i'.</msg>
<status status="PASS" starttime="20221003 15:58:12.664" endtime="20221003 15:58:12.811"/>
</kw>
<status status="PASS" starttime="20221003 15:58:12.591" endtime="20221003 15:58:12.811"/>
</kw>
<kw name="Click Todo Task">
<arg>${todo_btn}</arg>
<kw name="Element Should Be Visible" library="SeleniumLibrary">
<arg>${todo_btn}</arg>
<doc>Verifies that the element identified by ``locator`` is visible.</doc>
<msg timestamp="20221003 15:58:12.861" level="INFO">Element '//html/body/div/div/div[1]/a[2]/span' is displayed.</msg>
<status status="PASS" starttime="20221003 15:58:12.818" endtime="20221003 15:58:12.863"/>
</kw>
<kw name="Click Element" library="SeleniumLibrary">
<arg>${todo_btn}</arg>
<doc>Click the element identified by ``locator``.</doc>
<msg timestamp="20221003 15:58:12.871" level="INFO">Clicking element '//html/body/div/div/div[1]/a[2]/span'.</msg>
<status status="PASS" starttime="20221003 15:58:12.865" endtime="20221003 15:58:13.038"/>
</kw>
<status status="PASS" starttime="20221003 15:58:12.816" endtime="20221003 15:58:13.042"/>
</kw>
<kw name="Verify Todo Succes">
<kw name="Wait Until Element Is Visible" library="SeleniumLibrary">
<arg>${add_todo}</arg>
<doc>Waits until the element ``locator`` is visible.</doc>
<status status="PASS" starttime="20221003 15:58:13.045" endtime="20221003 15:58:13.096"/>
</kw>
<kw name="Element Should Be Visible" library="SeleniumLibrary">
<arg>${add_todo}</arg>
<doc>Verifies that the element identified by ``locator`` is visible.</doc>
<msg timestamp="20221003 15:58:13.135" level="INFO">Element '//*[@id="incomplete-tasks"]' is displayed.</msg>
<status status="PASS" starttime="20221003 15:58:13.097" endtime="20221003 15:58:13.152"/>
</kw>
<status status="PASS" starttime="20221003 15:58:13.044" endtime="20221003 15:58:13.153"/>
</kw>
<kw name="Click Delete Todo">
<arg>${delete_in_todo}</arg>
<kw name="Element Should Be Visible" library="SeleniumLibrary">
<arg>${delete_in_todo}</arg>
<doc>Verifies that the element identified by ``locator`` is visible.</doc>
<msg timestamp="20221003 15:58:13.243" level="INFO">Element '//*[@id="1"]/span' is displayed.</msg>
<status status="PASS" starttime="20221003 15:58:13.160" endtime="20221003 15:58:13.246"/>
</kw>
<kw name="Click Element" library="SeleniumLibrary">
<arg>${delete_in_todo}</arg>
<doc>Click the element identified by ``locator``.</doc>
<msg timestamp="20221003 15:58:13.249" level="INFO">Clicking element '//*[@id="1"]/span'.</msg>
<status status="PASS" starttime="20221003 15:58:13.246" endtime="20221003 15:58:13.363"/>
</kw>
<status status="PASS" starttime="20221003 15:58:13.157" endtime="20221003 15:58:13.365"/>
</kw>
<kw name="Verify Delete Todo Succes">
<kw name="Element Should Not Be Visible" library="SeleniumLibrary">
<arg>${add_todo}</arg>
<doc>Verifies that the element identified by ``locator`` is NOT visible.</doc>
<msg timestamp="20221003 15:58:13.412" level="INFO">Element '//*[@id="incomplete-tasks"]' exists but is not displayed.</msg>
<status status="PASS" starttime="20221003 15:58:13.374" endtime="20221003 15:58:13.416"/>
</kw>
<status status="PASS" starttime="20221003 15:58:13.370" endtime="20221003 15:58:13.419"/>
</kw>
<tag>Pass</tag>
<status status="PASS" starttime="20221003 15:58:07.193" endtime="20221003 15:58:13.424"/>
</test>
<test id="s1-s1-t6" name="Delete In To-Done" line="103">
<kw name="Open Browser" library="SeleniumLibrary">
<arg>about:blank</arg>
<arg>chrome</arg>
<doc>Opens a new browser instance to the optional ``url``.</doc>
<msg timestamp="20221003 15:58:13.441" level="INFO">Opening browser 'chrome' to base url 'about:blank'.</msg>
<status status="PASS" starttime="20221003 15:58:13.440" endtime="20221003 15:58:16.600"/>
</kw>
<kw name="Go To" library="SeleniumLibrary">
<arg>${HOMEPAGE}</arg>
<doc>Navigates the current browser window to the provided ``url``.</doc>
<msg timestamp="20221003 15:58:16.608" level="INFO">Opening url 'https://abhigyank.github.io/To-Do-List/'</msg>
<status status="PASS" starttime="20221003 15:58:16.602" endtime="20221003 15:58:17.475"/>
</kw>
<kw name="Input Todo List">
<arg>${xpath_inputer}</arg>
<arg>${todo}</arg>
<kw name="Element Should Be Visible" library="SeleniumLibrary">
<arg>${xpath_inputer}</arg>
<doc>Verifies that the element identified by ``locator`` is visible.</doc>
<msg timestamp="20221003 15:58:17.709" level="INFO">Element '//*[@id="new-task"]' is displayed.</msg>
<status status="PASS" starttime="20221003 15:58:17.493" endtime="20221003 15:58:17.719"/>
</kw>
<kw name="Input Text" library="SeleniumLibrary">
<arg>${xpath_input}</arg>
<arg>${todo}</arg>
<doc>Types the given ``text`` into the text field identified by ``locator``.</doc>
<msg timestamp="20221003 15:58:17.730" level="INFO">Typing text 'Do some test' into text field '//*[@id="new-task"]'.</msg>
<status status="PASS" starttime="20221003 15:58:17.728" endtime="20221003 15:58:18.078"/>
</kw>
<status status="PASS" starttime="20221003 15:58:17.477" endtime="20221003 15:58:18.079"/>
</kw>
<kw name="Click Button">
<arg>${btn}</arg>
<kw name="Element Should Be Visible" library="SeleniumLibrary">
<arg>${btn}</arg>
<doc>Verifies that the element identified by ``locator`` is visible.</doc>
<msg timestamp="20221003 15:58:18.132" level="INFO">Element '//*[@id="add-item"]/button/i' is displayed.</msg>
<status status="PASS" starttime="20221003 15:58:18.081" endtime="20221003 15:58:18.136"/>
</kw>
<kw name="Click Element" library="SeleniumLibrary">
<arg>${btn}</arg>
<doc>Click the element identified by ``locator``.</doc>
<msg timestamp="20221003 15:58:18.143" level="INFO">Clicking element '//*[@id="add-item"]/button/i'.</msg>
<status status="PASS" starttime="20221003 15:58:18.139" endtime="20221003 15:58:18.295"/>
</kw>
<status status="PASS" starttime="20221003 15:58:18.080" endtime="20221003 15:58:18.296"/>
</kw>
<kw name="Click Todo Task">
<arg>${todo_btn}</arg>
<kw name="Element Should Be Visible" library="SeleniumLibrary">
<arg>${todo_btn}</arg>
<doc>Verifies that the element identified by ``locator`` is visible.</doc>
<msg timestamp="20221003 15:58:18.380" level="INFO">Element '//html/body/div/div/div[1]/a[2]/span' is displayed.</msg>
<status status="PASS" starttime="20221003 15:58:18.298" endtime="20221003 15:58:18.383"/>
</kw>
<kw name="Click Element" library="SeleniumLibrary">
<arg>${todo_btn}</arg>
<doc>Click the element identified by ``locator``.</doc>
<msg timestamp="20221003 15:58:18.385" level="INFO">Clicking element '//html/body/div/div/div[1]/a[2]/span'.</msg>
<status status="PASS" starttime="20221003 15:58:18.383" endtime="20221003 15:58:18.632"/>
</kw>
<status status="PASS" starttime="20221003 15:58:18.297" endtime="20221003 15:58:18.633"/>
</kw>
<kw name="Verify Todo Succes">
<kw name="Wait Until Element Is Visible" library="SeleniumLibrary">
<arg>${add_todo}</arg>
<doc>Waits until the element ``locator`` is visible.</doc>
<status status="PASS" starttime="20221003 15:58:18.644" endtime="20221003 15:58:18.821"/>
</kw>
<kw name="Element Should Be Visible" library="SeleniumLibrary">
<arg>${add_todo}</arg>
<doc>Verifies that the element identified by ``locator`` is visible.</doc>
<msg timestamp="20221003 15:58:18.879" level="INFO">Element '//*[@id="incomplete-tasks"]' is displayed.</msg>
<status status="PASS" starttime="20221003 15:58:18.825" endtime="20221003 15:58:18.883"/>
</kw>
<status status="PASS" starttime="20221003 15:58:18.643" endtime="20221003 15:58:18.884"/>
</kw>
<kw name="Check Done">
<arg>${check_box}</arg>
<kw name="Element Should Be Visible" library="SeleniumLibrary">
<arg>${check_box}</arg>
<doc>Verifies that the element identified by ``locator`` is visible.</doc>
<msg timestamp="20221003 15:58:18.997" level="INFO">Element '//*[@id="incomplete-tasks"]/li/label/span[4]' is displayed.</msg>
<status status="PASS" starttime="20221003 15:58:18.905" endtime="20221003 15:58:19.027"/>
</kw>
<kw name="Click Element" library="SeleniumLibrary">
<arg>${check_box}</arg>
<doc>Click the element identified by ``locator``.</doc>
<msg timestamp="20221003 15:58:19.030" level="INFO">Clicking element '//*[@id="incomplete-tasks"]/li/label/span[4]'.</msg>
<status status="PASS" starttime="20221003 15:58:19.028" endtime="20221003 15:58:19.207"/>
</kw>
<status status="PASS" starttime="20221003 15:58:18.894" endtime="20221003 15:58:19.212"/>
</kw>
<kw name="Click done Task">
<arg>${done_btn}</arg>
<kw name="Element Should Be Visible" library="SeleniumLibrary">
<arg>${done_btn}</arg>
<doc>Verifies that the element identified by ``locator`` is visible.</doc>
<msg timestamp="20221003 15:58:19.302" level="INFO">Element '//html/body/div/div/div[1]/a[3]' is displayed.</msg>
<status status="PASS" starttime="20221003 15:58:19.217" endtime="20221003 15:58:19.305"/>
</kw>
<kw name="Click Element" library="SeleniumLibrary">
<arg>${done_btn}</arg>
<doc>Click the element identified by ``locator``.</doc>
<msg timestamp="20221003 15:58:19.310" level="INFO">Clicking element '//html/body/div/div/div[1]/a[3]'.</msg>
<status status="PASS" starttime="20221003 15:58:19.306" endtime="20221003 15:58:19.491"/>
</kw>
<status status="PASS" starttime="20221003 15:58:19.216" endtime="20221003 15:58:19.492"/>
</kw>
<kw name="Verify Done Succes">
<kw name="Wait Until Element Is Visible" library="SeleniumLibrary">
<arg>${done}</arg>
<doc>Waits until the element ``locator`` is visible.</doc>
<status status="PASS" starttime="20221003 15:58:19.497" endtime="20221003 15:58:19.668"/>
</kw>
<kw name="Element Should Be Visible" library="SeleniumLibrary">
<arg>${done}</arg>
<doc>Verifies that the element identified by ``locator`` is visible.</doc>
<msg timestamp="20221003 15:58:19.742" level="INFO">Element '//*[@id="completed-tasks"]/li[1]/span' is displayed.</msg>
<status status="PASS" starttime="20221003 15:58:19.669" endtime="20221003 15:58:19.745"/>
</kw>
<status status="PASS" starttime="20221003 15:58:19.495" endtime="20221003 15:58:19.746"/>
</kw>
<kw name="Click Delete Done">
<arg>${delete_in_todo}</arg>
<kw name="Element Should Be Visible" library="SeleniumLibrary">
<arg>${delete_in_todo}</arg>
<doc>Verifies that the element identified by ``locator`` is visible.</doc>
<msg timestamp="20221003 15:58:19.852" level="INFO">Element '//*[@id="1"]/span' is displayed.</msg>
<status status="PASS" starttime="20221003 15:58:19.768" endtime="20221003 15:58:19.863"/>
</kw>
<kw name="Click Element" library="SeleniumLibrary">
<arg>${delete_in_todo}</arg>
<doc>Click the element identified by ``locator``.</doc>
<msg timestamp="20221003 15:58:19.866" level="INFO">Clicking element '//*[@id="1"]/span'.</msg>
<status status="PASS" starttime="20221003 15:58:19.863" endtime="20221003 15:58:19.992"/>
</kw>
<status status="PASS" starttime="20221003 15:58:19.765" endtime="20221003 15:58:19.993"/>
</kw>
<kw name="Verify Delete Todo Succes">
<kw name="Element Should Not Be Visible" library="SeleniumLibrary">
<arg>${add_todo}</arg>
<doc>Verifies that the element identified by ``locator`` is NOT visible.</doc>
<msg timestamp="20221003 15:58:20.031" level="INFO">Element '//*[@id="incomplete-tasks"]' exists but is not displayed.</msg>
<status status="PASS" starttime="20221003 15:58:19.995" endtime="20221003 15:58:20.033"/>
</kw>
<status status="PASS" starttime="20221003 15:58:19.993" endtime="20221003 15:58:20.034"/>
</kw>
<tag>Pass</tag>
<status status="PASS" starttime="20221003 15:58:13.430" endtime="20221003 15:58:20.043"/>
</test>
<kw name="Close All Browsers" library="SeleniumLibrary" type="TEARDOWN">
<doc>Closes all open browsers and resets the browser cache.</doc>
<status status="PASS" starttime="20221003 15:58:20.050" endtime="20221003 15:58:21.031"/>
</kw>
<status status="PASS" starttime="20221003 15:57:42.360" endtime="20221003 15:58:21.037"/>
</suite>
<status status="PASS" starttime="20221003 15:57:42.309" endtime="20221003 15:58:21.070"/>
</suite>
<statistics>
<total>
<stat pass="6" fail="0" skip="0">All Tests</stat>
</total>
<tag>
<stat pass="1" fail="0" skip="0">Fail</stat>
<stat pass="5" fail="0" skip="0">Pass</stat>
</tag>
<suite>
<stat pass="6" fail="0" skip="0" id="s1" name="Todo">Todo</stat>
<stat pass="6" fail="0" skip="0" id="s1-s1" name="Todo">Todo.Todo</stat>
</suite>
</statistics>
<errors>
</errors>
</robot>
